Data sorted by name: 2023-8-28 15:37:6
Data deleted: 2023-8-28 15:48:11
Data updated: 2023-8-28 15:51:20
Data updated: 2023-8-28 15:52:41
Data added: 2023-8-28 15:54:0
Data sorted by id: 2023-8-28 15:54:49
Data sorted by name: 2023-8-28 15:55:23
Data updated: 2023-8-28 16:15:0
Data deleted: 2023-8-29 14:5:27
Data updated: 2023-8-29 14:13:49
Data updated: 2023-8-29 14:17:8
Data updated: 2023-8-29 14:20:53
Data updated: 2023-8-29 14:25:4
Data updated: 2023-8-29 14:25:23
Data updated: 2023-8-29 14:29:19
Data added: 2023-8-29 14:38:51
Data sorted by id: 2023-8-29 14:41:55
Data added: 2023-8-29 15:9:10
Data added: 2023-8-29 15:15:28
Data added: 2023-8-29 15:17:32
Data sorted by name: 2023-8-29 15:39:14
Data sorted by id: 2023-8-29 15:44:33
Data added: 2023-8-29 15:55:19
Data deleted: 2023-8-29 15:55:38
